c:\users\tabta\desktop\ift3355_tp4_a2021\build\debug\vc143.pdb
c:\users\tabta\desktop\ift3355_tp4_a2021\build\debug\vc143.idb
c:\users\tabta\desktop\ift3355_tp4_a2021\build\debug\raytracer.sbr
c:\users\tabta\desktop\ift3355_tp4_a2021\build\debug\parser.sbr
c:\users\tabta\desktop\ift3355_tp4_a2021\build\debug\object.sbr
c:\users\tabta\desktop\ift3355_tp4_a2021\build\debug\main.sbr
c:\users\tabta\desktop\ift3355_tp4_a2021\build\debug\main.obj
c:\users\tabta\desktop\ift3355_tp4_a2021\build\debug\object.obj
c:\users\tabta\desktop\ift3355_tp4_a2021\build\debug\parser.obj
c:\users\tabta\desktop\ift3355_tp4_a2021\build\debug\raytracer.obj
c:\users\tabta\desktop\ift3355_tp4_a2021\tp4.exe
c:\users\tabta\desktop\ift3355_tp4_a2021\build\debug\tp4.ilk
c:\users\tabta\desktop\ift3355_tp4_a2021\tp4.pdb
c:\users\tabta\desktop\ift3355_tp4_a2021\tp4.bsc
c:\users\tabta\desktop\ift3355_tp4_a2021\build\debug\tp4.tlog\bscmake.command.1.tlog
c:\users\tabta\desktop\ift3355_tp4_a2021\build\debug\tp4.tlog\bscmake.read.1.tlog
c:\users\tabta\desktop\ift3355_tp4_a2021\build\debug\tp4.tlog\cl.command.1.tlog
c:\users\tabta\desktop\ift3355_tp4_a2021\build\debug\tp4.tlog\cl.read.1.tlog
c:\users\tabta\desktop\ift3355_tp4_a2021\build\debug\tp4.tlog\cl.write.1.tlog
c:\users\tabta\desktop\ift3355_tp4_a2021\build\debug\tp4.tlog\link.command.1.tlog
c:\users\tabta\desktop\ift3355_tp4_a2021\build\debug\tp4.tlog\link.read.1.tlog
c:\users\tabta\desktop\ift3355_tp4_a2021\build\debug\tp4.tlog\link.write.1.tlog
